#
# There is insufficient memory for the Java Runtime Environment to continue.
# Native memory allocation (malloc) failed to allocate 738176 bytes for Chunk::new
# Possible reasons:
#   The system is out of physical RAM or swap space
#   In 32 bit mode, the process size limit was hit
# Possible solutions:
#   Reduce memory load on the system
#   Increase physical memory or swap space
#   Check if swap backing store is full
#   Use 64 bit Java on a 64 bit OS
#   Decrease Java heap size (-Xmx/-Xms)
#   Decrease number of Java threads
#   Decrease Java thread stack sizes (-Xss)
#   Set larger code cache with -XX:ReservedCodeCacheSize=
# This output file may be truncated or incomplete.
#
#  Out of Memory Error (allocation.cpp:390), pid=11364, tid=0x0000000000001fc8
#
# JRE version: OpenJDK Runtime Environment (8.0_152-b01) (build 1.8.0_152-release-915-b01)
# Java VM: OpenJDK 64-Bit Server VM (25.152-b01 mixed mode windows-amd64 compressed oops)
# Failed to write core dump. Minidumps are not enabled by default on client versions of Windows
#

---------------  T H R E A D  ---------------

Current thread (0x000000001806d800):  JavaThread "C2 CompilerThread0" daemon [_thread_in_native, id=8136, stack(0x00000000196c0000,0x00000000197c0000)]

Stack: [0x00000000196c0000,0x00000000197c0000]
[error occurred during error reporting (printing stack bounds), id 0xc0000005]

Native frames: (J=compiled Java code, j=interpreted, Vv=VM code, C=native code)


Current CompileTask:
C2:  97372 8882       4       com.sun.tools.javac.parser.JavacParser::term3 (2502 bytes)


---------------  P R O C E S S  ---------------

Java Threads: ( => current thread )
  0x000000001f173000 JavaThread "Cache worker for Java compile cache (C:\Users\Avendano\Desktop\CPScan\.gradle\4.1\javaCompile)" [_thread_blocked, id=9024, stack(0x0000000026dc0000,0x0000000026ec0000)]
  0x000000001f179800 JavaThread "Task worker for ':' Thread 3" [_thread_blocked, id=12708, stack(0x0000000024220000,0x0000000024320000)]
  0x000000001f174800 JavaThread "Task worker for ':' Thread 2" [_thread_blocked, id=11668, stack(0x0000000024120000,0x0000000024220000)]
  0x000000001f17a800 JavaThread "Task worker for ':'" [_thread_blocked, id=1392, stack(0x0000000024020000,0x0000000024120000)]
  0x000000001f172000 JavaThread "Cache worker for task history cache (C:\Users\Avendano\Desktop\CPScan\.gradle\4.1\taskHistory)" [_thread_blocked, id=12532, stack(0x0000000023ae0000,0x0000000023be0000)]
  0x000000001f173800 JavaThread "Cache worker for file content cache (C:\Users\Avendano\Desktop\CPScan\.gradle\4.1\fileContent)" [_thread_blocked, id=11112, stack(0x00000000239e0000,0x0000000023ae0000)]
  0x000000001f177800 JavaThread "Memory manager" [_thread_blocked, id=12860, stack(0x0000000021820000,0x0000000021920000)]
  0x000000001f176800 JavaThread "build operations Thread 4" [_thread_blocked, id=11740, stack(0x0000000021320000,0x0000000021420000)]
  0x000000001f179000 JavaThread "build operations Thread 3" [_thread_blocked, id=6436, stack(0x0000000021220000,0x0000000021320000)]
  0x000000001f178000 JavaThread "build operations Thread 2" [_thread_blocked, id=3936, stack(0x0000000021120000,0x0000000021220000)]
  0x000000001e881000 JavaThread "build operations" [_thread_blocked, id=788, stack(0x0000000021020000,0x0000000021120000)]
  0x000000001e880800 JavaThread "Cache worker for Artifact transforms cache (C:\Users\Avendano\.gradle\caches\transforms-1)" [_thread_blocked, id=9544, stack(0x000000001fd50000,0x000000001fe50000)]
  0x000000001b687800 JavaThread "Cache worker for file hash cache (C:\Users\Avendano\Desktop\CPScan\.gradle\4.1\fileHashes)" [_thread_blocked, id=11272, stack(0x000000001de70000,0x000000001df70000)]
  0x0000000019ae5000 JavaThread "File lock request listener" [_thread_in_native, id=8932, stack(0x000000001cba0000,0x000000001cca0000)]
  0x000000001ae59000 JavaThread "Cache worker for file hash cache (C:\Users\Avendano\.gradle\caches\4.1\fileHashes)" [_thread_blocked, id=4224, stack(0x000000001caa0000,0x000000001cba0000)]
  0x000000001aca9000 JavaThread "Asynchronous log dispatcher for DefaultDaemonConnection: socket connection from /127.0.0.1:51512 to /127.0.0.1:51513" [_thread_blocked, id=10252, stack(0x000000001c8a0000,0x000000001c9a0000)]
  0x000000001aca5000 JavaThread "Daemon worker" [_thread_in_vm, id=6440, stack(0x000000001c7a0000,0x000000001c8a0000)]
  0x000000001a39b800 JavaThread "Cancel handler" [_thread_blocked, id=2916, stack(0x000000001c6a0000,0x000000001c7a0000)]
  0x000000001a379000 JavaThread "Handler for socket connection from /127.0.0.1:51512 to /127.0.0.1:51513" [_thread_in_native, id=10024, stack(0x000000001c3a0000,0x000000001c4a0000)]
  0x000000001a369000 JavaThread "Daemon" [_thread_blocked, id=11340, stack(0x000000001c2a0000,0x000000001c3a0000)]
  0x000000001a355000 JavaThread "Daemon periodic checks" [_thread_blocked, id=1964, stack(0x000000001c1a0000,0x000000001c2a0000)]
  0x000000001a2b3000 JavaThread "Incoming local TCP Connector on port 51512" [_thread_in_native, id=13072, stack(0x000000001bcd0000,0x000000001bdd0000)]
  0x00000000180ac000 JavaThread "Service Thread" daemon [_thread_blocked, id=8844, stack(0x0000000019dc0000,0x0000000019ec0000)]
  0x0000000018078000 JavaThread "C1 CompilerThread2" daemon [_thread_blocked, id=10328, stack(0x00000000198c0000,0x00000000199c0000)]
  0x0000000018070800 JavaThread "C2 CompilerThread1" daemon [_thread_in_native, id=8072, stack(0x00000000197c0000,0x00000000198c0000)]
=>0x000000001806d800 JavaThread "C2 CompilerThread0" daemon [_thread_in_native, id=8136, stack(0x00000000196c0000,0x00000000197c0000)]
  0x000000001806a000 JavaThread "Attach Listener" daemon [_thread_blocked, id=4280, stack(0x00000000195c0000,0x00000000196c0000)]
  0x0000000018068800 JavaThread "Signal Dispatcher" daemon [_thread_blocked, id=6872, stack(0x00000000194c0000,0x00000000195c0000)]
  0x0000000018058800 JavaThread "Finalizer" daemon [_thread_blocked, id=2012, stack(0x00000000192c0000,0x00000000193c0000)]
  0x00000000046f1000 JavaThread "Reference Handler" daemon [_thread_blocked, id=5856, stack(0x00000000191c0000,0x00000000192c0000)]
  0x00000000045fd800 JavaThread "main" [_thread_blocked, id=7632, stack(0x00000000044f0000,0x00000000045f0000)]

Other Threads:
  0x0000000018035800 VMThread [stack: 0x00000000190c0000,0x00000000191c0000] [id=9236]
  0x00000000180ad000 WatcherThread [stack: 0x0000000019ec0000,0x0000000019fc0000] [id=13028]

VM state:not at safepoint (normal execution)

VM Mutex/Monitor currently owned by a thread: None

Heap:
 PSYoungGen      total 91648K, used 22278K [0x00000000e0000000, 0x00000000e7200000, 0x0000000100000000)
  eden space 76800K, 29% used [0x00000000e0000000,0x00000000e1667ac8,0x00000000e4b00000)
  from space 14848K, 0% used [0x00000000e4b00000,0x00000000e4b00000,0x00000000e5980000)
  to   space 15872K, 0% used [0x00000000e6280000,0x00000000e6280000,0x00000000e7200000)
 ParOldGen       total 97280K, used 36335K [0x00000000a0000000, 0x00000000a5f00000, 0x00000000e0000000)
  object space 97280K, 37% used [0x00000000a0000000,0x00000000a237bd68,0x00000000a5f00000)
 Metaspace       used 60168K, capacity 62016K, committed 62296K, reserved 1103872K
  class space    used 8033K, capacity 8481K, committed 8576K, reserved 1048576K

Card table byte_map: [0x0000000013ac0000,0x0000000013dd0000] byte_map_base: 0x00000000135c0000

Marking Bits: (ParMarkBitMap*) 0x0000000073b83950
 Begin Bits: [0x00000000143d0000, 0x0000000015bd0000)
 End Bits:   [0x0000000015bd0000, 0x00000000173d0000)

Polling page: 0x0000000002cf0000

CodeCache: size=245760Kb used=25522Kb max_used=25532Kb free=220237Kb
 bounds [0x0000000004700000, 0x0000000006010000, 0x0000000013700000]
 total_blobs=8405 nmethods=7627 adapters=690
 compilation: enabled

Compilation events (10 events):
Event: 97.159 Thread 0x0000000018078000 nmethod 8914 0x0000000005fdd110 code [0x0000000005fdd260, 0x0000000005fdd3b0]
Event: 97.172 Thread 0x0000000018070800 nmethod 8908 0x0000000005ff3190 code [0x0000000005ff3400, 0x0000000005ff4080]
Event: 97.172 Thread 0x0000000018070800 8893       4       com.sun.tools.javac.parser.JavacParser::term1 (40 bytes)
Event: 97.176 Thread 0x0000000018070800 nmethod 8893 0x0000000005fefed0 code [0x0000000005ff0060, 0x0000000005ff01e0]
Event: 97.176 Thread 0x0000000018070800 8896       4       com.sun.tools.javac.parser.JavacParser::prec (21 bytes)
Event: 97.177 Thread 0x0000000018070800 nmethod 8896 0x0000000005fefc10 code [0x0000000005fefd60, 0x0000000005fefdf8]
Event: 97.177 Thread 0x0000000018070800 8915       4       com.sun.tools.javac.parser.JavacParser::term2 (42 bytes)
Event: 97.179 Thread 0x0000000018070800 nmethod 8915 0x0000000005ff54d0 code [0x0000000005ff5640, 0x0000000005ff5770]
Event: 97.179 Thread 0x0000000018070800 8916       4       com.sun.tools.javac.parser.JavacParser::term (67 bytes)
Event: 97.187 Thread 0x0000000018070800 nmethod 8916 0x0000000005ff0ed0 code [0x0000000005ff10c0, 0x0000000005ff1560]

GC Heap History (10 events):
Event: 43.062 GC heap before
{Heap before GC invocations=24 (full 2):
 PSYoungGen      total 69120K, used 62329K [0x00000000e0000000, 0x00000000e5880000, 0x0000000100000000)
  eden space 59392K, 100% used [0x00000000e0000000,0x00000000e3a00000,0x00000000e3a00000)
  from space 9728K, 30% used [0x00000000e3a00000,0x00000000e3cde4c8,0x00000000e4380000)
  to   space 9728K, 0% used [0x00000000e4f00000,0x00000000e4f00000,0x00000000e5880000)
 ParOldGen       total 56320K, used 26853K [0x00000000a0000000, 0x00000000a3700000, 0x00000000e0000000)
  object space 56320K, 47% used [0x00000000a0000000,0x00000000a1a39458,0x00000000a3700000)
 Metaspace       used 48356K, capacity 49576K, committed 49752K, reserved 1091584K
  class space    used 6441K, capacity 6773K, committed 6784K, reserved 1048576K
Event: 43.068 GC heap after
Heap after GC invocations=24 (full 2):
 PSYoungGen      total 77824K, used 4034K [0x00000000e0000000, 0x00000000e5680000, 0x0000000100000000)
  eden space 70144K, 0% used [0x00000000e0000000,0x00000000e0000000,0x00000000e4480000)
  from space 7680K, 52% used [0x00000000e4f00000,0x00000000e52f09e0,0x00000000e5680000)
  to   space 9216K, 0% used [0x00000000e4480000,0x00000000e4480000,0x00000000e4d80000)
 ParOldGen       total 56320K, used 26981K [0x00000000a0000000, 0x00000000a3700000, 0x00000000e0000000)
  object space 56320K, 47% used [0x00000000a0000000,0x00000000a1a59458,0x00000000a3700000)
 Metaspace       used 48356K, capacity 49576K, committed 49752K, reserved 1091584K
  class space    used 6441K, capacity 6773K, committed 6784K, reserved 1048576K
}
Event: 49.326 GC heap before
{Heap before GC invocations=25 (full 2):
 PSYoungGen      total 77824K, used 74178K [0x00000000e0000000, 0x00000000e5680000, 0x0000000100000000)
  eden space 70144K, 100% used [0x00000000e0000000,0x00000000e4480000,0x00000000e4480000)
  from space 7680K, 52% used [0x00000000e4f00000,0x00000000e52f09e0,0x00000000e5680000)
  to   space 9216K, 0% used [0x00000000e4480000,0x00000000e4480000,0x00000000e4d80000)
 ParOldGen       total 56320K, used 26981K [0x00000000a0000000, 0x00000000a3700000, 0x00000000e0000000)
  object space 56320K, 47% used [0x00000000a0000000,0x00000000a1a59458,0x00000000a3700000)
 Metaspace       used 53012K, capacity 54742K, committed 55000K, reserved 1097728K
  class space    used 7157K, capacity 7584K, committed 7680K, reserved 1048576K
Event: 49.346 GC heap after
Heap after GC invocations=25 (full 2):
 PSYoungGen      total 79360K, used 8843K [0x00000000e0000000, 0x00000000e6380000, 0x0000000100000000)
  eden space 70144K, 0% used [0x00000000e0000000,0x00000000e0000000,0x00000000e4480000)
  from space 9216K, 95% used [0x00000000e4480000,0x00000000e4d22c08,0x00000000e4d80000)
  to   space 10240K, 0% used [0x00000000e5980000,0x00000000e5980000,0x00000000e6380000)
 ParOldGen       total 56320K, used 26989K [0x00000000a0000000, 0x00000000a3700000, 0x00000000e0000000)
  object space 56320K, 47% used [0x00000000a0000000,0x00000000a1a5b458,0x00000000a3700000)
 Metaspace       used 53012K, capacity 54742K, committed 55000K, reserved 1097728K
  class space    used 7157K, capacity 7584K, committed 7680K, reserved 1048576K
}
Event: 54.614 GC heap before
{Heap before GC invocations=26 (full 2):
 PSYoungGen      total 79360K, used 78536K [0x00000000e0000000, 0x00000000e6380000, 0x0000000100000000)
  eden space 70144K, 99% used [0x00000000e0000000,0x00000000e440f670,0x00000000e4480000)
  from space 9216K, 95% used [0x00000000e4480000,0x00000000e4d22c08,0x00000000e4d80000)
  to   space 10240K, 0% used [0x00000000e5980000,0x00000000e5980000,0x00000000e6380000)
 ParOldGen       total 56320K, used 26989K [0x00000000a0000000, 0x00000000a3700000, 0x00000000e0000000)
  object space 56320K, 47% used [0x00000000a0000000,0x00000000a1a5b458,0x00000000a3700000)
 Metaspace       used 54641K, capacity 56282K, committed 56408K, reserved 1097728K
  class space    used 7331K, capacity 7726K, committed 7808K, reserved 1048576K
Event: 54.646 GC heap after
Heap after GC invocations=26 (full 2):
 PSYoungGen      total 87040K, used 10224K [0x00000000e0000000, 0x00000000e6d00000, 0x0000000100000000)
  eden space 76800K, 0% used [0x00000000e0000000,0x00000000e0000000,0x00000000e4b00000)
  from space 10240K, 99% used [0x00000000e5980000,0x00000000e637c010,0x00000000e6380000)
  to   space 14848K, 0% used [0x00000000e4b00000,0x00000000e4b00000,0x00000000e5980000)
 ParOldGen       total 56320K, used 34966K [0x00000000a0000000, 0x00000000a3700000, 0x00000000e0000000)
  object space 56320K, 62% used [0x00000000a0000000,0x00000000a22258d0,0x00000000a3700000)
 Metaspace       used 54641K, capacity 56282K, committed 56408K, reserved 1097728K
  class space    used 7331K, capacity 7726K, committed 7808K, reserved 1048576K
}
Event: 92.948 GC heap before
{Heap before GC invocations=27 (full 2):
 PSYoungGen      total 87040K, used 86260K [0x00000000e0000000, 0x00000000e6d00000, 0x0000000100000000)
  eden space 76800K, 99% used [0x00000000e0000000,0x00000000e4a41238,0x00000000e4b00000)
  from space 10240K, 99% used [0x00000000e5980000,0x00000000e637c010,0x00000000e6380000)
  to   space 14848K, 0% used [0x00000000e4b00000,0x00000000e4b00000,0x00000000e5980000)
 ParOldGen       total 56320K, used 34966K [0x00000000a0000000, 0x00000000a3700000, 0x00000000e0000000)
  object space 56320K, 62% used [0x00000000a0000000,0x00000000a22258d0,0x00000000a3700000)
 Metaspace       used 57023K, capacity 58880K, committed 59028K, reserved 1099776K
  class space    used 7653K, capacity 8097K, committed 8192K, reserved 1048576K
Event: 92.972 GC heap after
Heap after GC invocations=27 (full 2):
 PSYoungGen      total 91648K, used 10710K [0x00000000e0000000, 0x00000000e7200000, 0x0000000100000000)
  eden space 76800K, 0% used [0x00000000e0000000,0x00000000e0000000,0x00000000e4b00000)
  from space 14848K, 72% used [0x00000000e4b00000,0x00000000e5575a28,0x00000000e5980000)
  to   space 15872K, 0% used [0x00000000e6280000,0x00000000e6280000,0x00000000e7200000)
 ParOldGen       total 56320K, used 39831K [0x00000000a0000000, 0x00000000a3700000, 0x00000000e0000000)
  object space 56320K, 70% used [0x00000000a0000000,0x00000000a26e5f50,0x00000000a3700000)
 Metaspace       used 57023K, capacity 58880K, committed 59028K, reserved 1099776K
  class space    used 7653K, capacity 8097K, committed 8192K, reserved 1048576K
}
Event: 92.972 GC heap before
{Heap before GC invocations=28 (full 3):
 PSYoungGen      total 91648K, used 10710K [0x00000000e0000000, 0x00000000e7200000, 0x0000000100000000)
  eden space 76800K, 0% used [0x00000000e0000000,0x00000000e0000000,0x00000000e4b00000)
  from space 14848K, 72% used [0x00000000e4b00000,0x00000000e5575a28,0x00000000e5980000)
  to   space 15872K, 0% used [0x00000000e6280000,0x00000000e6280000,0x00000000e7200000)
 ParOldGen       total 56320K, used 39831K [0x00000000a0000000, 0x00000000a3700000, 0x00000000e0000000)
  object space 56320K, 70% used [0x00000000a0000000,0x00000000a26e5f50,0x00000000a3700000)
 Metaspace       used 57023K, capacity 58880K, committed 59028K, reserved 1099776K
  class space    used 7653K, capacity 8097K, committed 8192K, reserved 1048576K
Event: 93.496 GC heap after
Heap after GC invocations=28 (full 3):
 PSYoungGen      total 91648K, used 0K [0x00000000e0000000, 0x00000000e7200000, 0x0000000100000000)
  eden space 76800K, 0% used [0x00000000e0000000,0x00000000e0000000,0x00000000e4b00000)
  from space 14848K, 0% used [0x00000000e4b00000,0x00000000e4b00000,0x00000000e5980000)
  to   space 15872K, 0% used [0x00000000e6280000,0x00000000e6280000,0x00000000e7200000)
 ParOldGen       total 97280K, used 36335K [0x00000000a0000000, 0x00000000a5f00000, 0x00000000e0000000)
  object space 97280K, 37% used [0x00000000a0000000,0x00000000a237bd68,0x00000000a5f00000)
 Metaspace       used 57023K, capacity 58880K, committed 59028K, reserved 1099776K
  class space    used 7653K, capacity 8097K, committed 8192K, reserved 1048576K
}

Deoptimization events (10 events):
Event: 90.754 Thread 0x000000001aca5000 Uncommon trap: reason=class_check action=maybe_recompile pc=0x0000000004936c30 method=java.util.regex.Matcher.search(I)Z @ 86
Event: 90.755 Thread 0x000000001aca5000 Uncommon trap: reason=class_check action=maybe_recompile pc=0x0000000005020518 method=java.util.regex.Matcher.search(I)Z @ 86
Event: 90.755 Thread 0x000000001aca5000 Uncommon trap: reason=class_check action=maybe_recompile pc=0x0000000004936c30 method=java.util.regex.Matcher.search(I)Z @ 86
Event: 90.757 Thread 0x000000001aca5000 Uncommon trap: reason=class_check action=maybe_recompile pc=0x0000000005020518 method=java.util.regex.Matcher.search(I)Z @ 86
Event: 90.757 Thread 0x000000001aca5000 Uncommon trap: reason=class_check action=maybe_recompile pc=0x0000000004ff4284 method=java.util.regex.Matcher.search(I)Z @ 86
Event: 92.774 Thread 0x000000001aca5000 Uncommon trap: reason=unstable_if action=reinterpret pc=0x0000000005465a14 method=java.lang.ClassLoader.checkCerts(Ljava/lang/String;Ljava/security/CodeSource;)V @ 45
Event: 93.496 Thread 0x00000000046f1000 Uncommon trap: reason=unstable_if action=reinterpret pc=0x0000000005915ff4 method=java.lang.ref.Reference.tryHandlePending(Z)Z @ 20
Event: 96.451 Thread 0x000000001aca5000 Uncommon trap: reason=unstable_if action=reinterpret pc=0x0000000005660360 method=java.lang.StringCoding$StringDecoder.decode([BII)[C @ 20
Event: 96.578 Thread 0x000000001aca5000 Uncommon trap: reason=unstable_if action=reinterpret pc=0x0000000005d1ca64 method=java.lang.CharacterDataLatin1.digit(II)I @ 60
Event: 96.976 Thread 0x000000001aca5000 Uncommon trap: reason=unstable_if action=reinterpret pc=0x0000000005f7e5b0 method=com.sun.tools.javac.util.Name$Table.equals([BI[BII)Z @ 22

Classes redefined (0 events):
No events

Internal exceptions (10 events):
Event: 45.787 Thread 0x000000001f174800 Exception <a 'java/lang/NoSuchMethodError': <clinit>> (0x00000000e3664e70) thrown at [D:\src\AOSP-openjdk-cygwin\jdk8u\hotspot\src\share\vm\prims\jni.cpp, line 1613]
Event: 45.788 Thread 0x000000001f174800 Exception <a 'java/lang/NoSuchMethodError': <clinit>> (0x00000000e3677d40) thrown at [D:\src\AOSP-openjdk-cygwin\jdk8u\hotspot\src\share\vm\prims\jni.cpp, line 1613]
Event: 45.788 Thread 0x000000001f174800 Exception <a 'java/lang/NoSuchMethodError': <clinit>> (0x00000000e36795f0) thrown at [D:\src\AOSP-openjdk-cygwin\jdk8u\hotspot\src\share\vm\prims\jni.cpp, line 1613]
Event: 47.976 Thread 0x000000001e881000 Implicit null exception at 0x00000000052e98f0 to 0x00000000052e9ba5
Event: 52.636 Thread 0x000000001f17a800 Implicit null exception at 0x0000000004fc7b9e to 0x0000000004fc7d21
Event: 55.419 Thread 0x000000001f17a800 Exception <a 'java/lang/NoSuchMethodError': <clinit>> (0x00000000e0a56778) thrown at [D:\src\AOSP-openjdk-cygwin\jdk8u\hotspot\src\share\vm\prims\jni.cpp, line 1613]
Event: 55.434 Thread 0x000000001f17a800 Exception <a 'java/lang/NoSuchMethodError': <clinit>> (0x00000000e0a5fbc0) thrown at [D:\src\AOSP-openjdk-cygwin\jdk8u\hotspot\src\share\vm\prims\jni.cpp, line 1613]
Event: 56.253 Thread 0x000000001f17a800 Exception <a 'java/lang/IncompatibleClassChangeError': Found class java.lang.Object, but interface was expected> (0x00000000e1717930) thrown at [D:\src\AOSP-openjdk-cygwin\jdk8u\hotspot\src\share\vm\interpreter\linkResolver.cpp, line 643]
Event: 57.873 Thread 0x000000001f173000 Exception <a 'java/lang/NoSuchMethodError': java.lang.Object.lambda$negate$1(Ljava/lang/Object;)Z> (0x00000000e1e7bac8) thrown at [D:\src\AOSP-openjdk-cygwin\jdk8u\hotspot\src\share\vm\interpreter\linkResolver.cpp, line 584]
Event: 87.337 Thread 0x000000001f17a800 Exception <a 'java/lang/NoSuchMethodError': java.lang.Object.lambda$comparingInt$7b0bb60$1(Ljava/util/function/ToIntFunction;Ljava/lang/Object;Ljava/lang/Object;)I> (0x00000000e21317b0) thrown at [D:\src\AOSP-openjdk-cygwin\jdk8u\hotspot\src\share\vm\inte

Events (10 events):
Event: 96.596 loading class com/sun/tools/javac/util/Position$LineTabMapImpl done
Event: 96.677 loading class com/sun/tools/javac/code/BoundKind
Event: 96.677 loading class com/sun/tools/javac/code/BoundKind done
Event: 96.976 Thread 0x000000001aca5000 Uncommon trap: trap_request=0xffffff65 fr.pc=0x0000000005f7e5b0
Event: 96.976 Thread 0x000000001aca5000 DEOPT PACKING pc=0x0000000005f7e5b0 sp=0x000000001c8994d0
Event: 96.976 Thread 0x000000001aca5000 DEOPT UNPACKING pc=0x000000000474556a sp=0x000000001c899250 mode 2
Event: 96.976 Thread 0x000000001aca5000 DEOPT PACKING pc=0x0000000005faf8ba sp=0x000000001c89a8c0
Event: 96.976 Thread 0x000000001aca5000 DEOPT UNPACKING pc=0x00000000047475bf sp=0x000000001c89a5f0 mode 0
Event: 97.090 loading class com/sun/tools/javac/tree/JCTree$1
Event: 97.090 loading class com/sun/tools/javac/tree/JCTree$1 done


Dynamic libraries:
0x00007ff604290000 - 0x00007ff6042c1000 	C:\Program Files\Android\Android Studio\jre\bin\java.exe
0x00007ffefca40000 - 0x00007ffefcc20000 	C:\WINDOWS\SYSTEM32\ntdll.dll
0x00007ffefa440000 - 0x00007ffefa4ee000 	C:\WINDOWS\System32\KERNEL32.DLL
0x00007ffef91e0000 - 0x00007ffef9446000 	C:\WINDOWS\System32\KERNELBASE.dll
0x00007ffefa160000 - 0x00007ffefa201000 	C:\WINDOWS\System32\ADVAPI32.dll
0x00007ffefb4f0000 - 0x00007ffefb58d000 	C:\WINDOWS\System32\msvcrt.dll
0x00007ffefa100000 - 0x00007ffefa15b000 	C:\WINDOWS\System32\sechost.dll
0x00007ffefa8d0000 - 0x00007ffefa9ef000 	C:\WINDOWS\System32\RPCRT4.dll
0x00007ffefa2b0000 - 0x00007ffefa43f000 	C:\WINDOWS\System32\USER32.dll
0x00007ffef9c80000 - 0x00007ffef9ca0000 	C:\WINDOWS\System32\win32u.dll
0x00007ffefa8a0000 - 0x00007ffefa8c8000 	C:\WINDOWS\System32\GDI32.dll
0x00007ffef9d40000 - 0x00007ffef9ed3000 	C:\WINDOWS\System32\gdi32full.dll
0x00007ffef9ca0000 - 0x00007ffef9d3b000 	C:\WINDOWS\System32\msvcp_win.dll
0x00007ffef8e10000 - 0x00007ffef8f06000 	C:\WINDOWS\System32\ucrtbase.dll
0x00007ffeeba30000 - 0x00007ffeebc99000 	C:\WINDOWS\WinSxS\amd64_microsoft.windows.common-controls_6595b64144ccf1df_6.0.16299.192_none_15c8cdae9364c23b\COMCTL32.dll
0x00007ffefa4f0000 - 0x00007ffefa7f8000 	C:\WINDOWS\System32\combase.dll
0x00007ffef9450000 - 0x00007ffef94c2000 	C:\WINDOWS\System32\bcryptPrimitives.dll
0x00007ffefa870000 - 0x00007ffefa89d000 	C:\WINDOWS\System32\IMM32.DLL
0x0000000072f70000 - 0x0000000073042000 	C:\Program Files\Android\Android Studio\jre\jre\bin\msvcr100.dll
0x00000000733c0000 - 0x0000000073bfe000 	C:\Program Files\Android\Android Studio\jre\jre\bin\server\jvm.dll
0x00007ffefa0f0000 - 0x00007ffefa0f8000 	C:\WINDOWS\System32\PSAPI.DLL
0x00007ffef53e0000 - 0x00007ffef53e9000 	C:\WINDOWS\SYSTEM32\WSOCK32.dll
0x00007ffeebca0000 - 0x00007ffeebcaa000 	C:\WINDOWS\SYSTEM32\VERSION.dll
0x00007ffef6bb0000 - 0x00007ffef6bd3000 	C:\WINDOWS\SYSTEM32\WINMM.dll
0x00007ffefa800000 - 0x00007ffefa86c000 	C:\WINDOWS\System32\WS2_32.dll
0x00007ffef6b50000 - 0x00007ffef6b7a000 	C:\WINDOWS\SYSTEM32\winmmbase.dll
0x00007ffef8f10000 - 0x00007ffef8f5a000 	C:\WINDOWS\System32\cfgmgr32.dll
0x00007ffef3910000 - 0x00007ffef391f000 	C:\Program Files\Android\Android Studio\jre\jre\bin\verify.dll
0x00007ffee6cb0000 - 0x00007ffee6cd9000 	C:\Program Files\Android\Android Studio\jre\jre\bin\java.dll
0x00007ffee6fc0000 - 0x00007ffee6fd6000 	C:\Program Files\Android\Android Studio\jre\jre\bin\zip.dll
0x00007ffefb5a0000 - 0x00007ffefc9d6000 	C:\WINDOWS\System32\SHELL32.dll
0x00007ffefafa0000 - 0x00007ffefb046000 	C:\WINDOWS\System32\shcore.dll
0x00007ffef94d0000 - 0x00007ffef9c17000 	C:\WINDOWS\System32\windows.storage.dll
0x00007ffefb2f0000 - 0x00007ffefb341000 	C:\WINDOWS\System32\shlwapi.dll
0x00007ffef8dd0000 - 0x00007ffef8de1000 	C:\WINDOWS\System32\kernel.appcore.dll
0x00007ffef8d80000 - 0x00007ffef8dcc000 	C:\WINDOWS\System32\powrprof.dll
0x00007ffef8d60000 - 0x00007ffef8d7b000 	C:\WINDOWS\System32\profapi.dll
0x00007ffee6240000 - 0x00007ffee625a000 	C:\Program Files\Android\Android Studio\jre\jre\bin\net.dll
0x00007ffef85f0000 - 0x00007ffef8656000 	C:\WINDOWS\system32\mswsock.dll
0x00007ffee6220000 - 0x00007ffee6231000 	C:\Program Files\Android\Android Studio\jre\jre\bin\nio.dll
0x00007ffedceb0000 - 0x00007ffedcece000 	C:\Users\Avendano\.gradle\native\25\windows-amd64\native-platform.dll
0x00007ffef3900000 - 0x00007ffef390d000 	C:\Program Files\Android\Android Studio\jre\jre\bin\management.dll
0x00007ffef87b0000 - 0x00007ffef87c7000 	C:\WINDOWS\SYSTEM32\CRYPTSP.dll
0x00007ffef8200000 - 0x00007ffef8233000 	C:\WINDOWS\system32\rsaenh.dll
0x00007ffef88c0000 - 0x00007ffef88e5000 	C:\WINDOWS\SYSTEM32\bcrypt.dll
0x00007ffef8c90000 - 0x00007ffef8cb9000 	C:\WINDOWS\SYSTEM32\USERENV.dll
0x00007ffef87d0000 - 0x00007ffef87db000 	C:\WINDOWS\SYSTEM32\CRYPTBASE.dll
0x00007ffef8380000 - 0x00007ffef83b9000 	C:\WINDOWS\SYSTEM32\IPHLPAPI.DLL
0x00007ffefb590000 - 0x00007ffefb598000 	C:\WINDOWS\System32\NSI.dll
0x00007ffef0900000 - 0x00007ffef0916000 	C:\WINDOWS\SYSTEM32\dhcpcsvc6.DLL
0x00007ffef08e0000 - 0x00007ffef08fa000 	C:\WINDOWS\SYSTEM32\dhcpcsvc.DLL

VM Arguments:
jvm_args: -Xmx1536m -Dfile.encoding=windows-1252 -Duser.country=PH -Duser.language=en -Duser.variant 
java_command: org.gradle.launcher.daemon.bootstrap.GradleDaemon 4.1
java_class_path (initial): C:\Users\Avendano\.gradle\wrapper\dists\gradle-4.1-all\bzyivzo6n839fup2jbap0tjew\gradle-4.1\lib\gradle-launcher-4.1.jar
Launcher Type: SUN_STANDARD

Environment Variables:
PATH=C:\Program Files (x86)\NVIDIA Corporation\PhysX\Common;C:\Python27\Lib\site-packages\PyQt4;C:\ProgramData\Oracle\Java\javapath;C:\Program Files (x86)\Intel\iCLS Client\;C:\Program Files\Intel\iCLS Client\;C:\WINDOWS\system32;C:\WINDOWS;C:\WINDOWS\System32\Wbem;C:\WINDOWS\System32\WindowsPowerShell\v1.0\;C:\Program Files (x86)\Intel\Intel(R) Management Engine Components\DAL;C:\Program Files\Intel\Intel(R) Management Engine Components\DAL;C:\Program Files (x86)\Intel\Intel(R) Management Engine Components\IPT;C:\Program Files\Intel\Intel(R) Management Engine Components\IPT;C:\Program Files\dotnet\;C:\wamp64\bin\php\php7.1.9;C:\Users\Avendano\AppData\Local\Microsoft\WindowsApps;;C:\Program Files\Microsoft VS Code\bin
USERNAME=Avendano
OS=Windows_NT
PROCESSOR_IDENTIFIER=Intel64 Family 6 Model 78 Stepping 3, GenuineIntel



---------------  S Y S T E M  ---------------

OS: Windows 10.0 , 64 bit Build 16299 (10.0.16299.15)

CPU:total 4 (initial active 4) (2 cores per cpu, 2 threads per core) family 6 model 78 stepping 3, cmov, cx8, fxsr, mmx, sse, sse2, sse3, ssse3, sse4.1, sse4.2, popcnt, avx, avx2, aes, clmul, erms, 3dnowpref, lzcnt, ht, tsc, tscinvbit, bmi1, bmi2, adx

Memory: 4k page, physical 4059268k(338380k free), swap 7131268k(5244k free)

vm_info: OpenJDK 64-Bit Server VM (25.152-b01) for windows-amd64 JRE (1.8.0_152-release-915-b01), built by "builder" with MS VC++ 10.0 (VS2010)

time: Sun Mar 25 20:41:38 2018
elapsed time: 97 seconds (0d 0h 1m 37s)

