#
# There is insufficient memory for the Java Runtime Environment to continue.
# Native memory allocation (malloc) failed to allocate 1021056 bytes for Chunk::new
# Possible reasons:
#   The system is out of physical RAM or swap space
#   In 32 bit mode, the process size limit was hit
# Possible solutions:
#   Reduce memory load on the system
#   Increase physical memory or swap space
#   Check if swap backing store is full
#   Use 64 bit Java on a 64 bit OS
#   Decrease Java heap size (-Xmx/-Xms)
#   Decrease number of Java threads
#   Decrease Java thread stack sizes (-Xss)
#   Set larger code cache with -XX:ReservedCodeCacheSize=
# This output file may be truncated or incomplete.
#
#  Out of Memory Error (allocation.cpp:390), pid=10984, tid=0x0000000000001638
#
# JRE version: OpenJDK Runtime Environment (8.0_152-b01) (build 1.8.0_152-release-915-b01)
# Java VM: OpenJDK 64-Bit Server VM (25.152-b01 mixed mode windows-amd64 compressed oops)
# Failed to write core dump. Minidumps are not enabled by default on client versions of Windows
#

---------------  T H R E A D  ---------------

Current thread (0x0000000018c9e000):  JavaThread "C2 CompilerThread0" daemon [_thread_in_native, id=5688, stack(0x000000001a2f0000,0x000000001a3f0000)]

Stack: [0x000000001a2f0000,0x000000001a3f0000]
[error occurred during error reporting (printing stack bounds), id 0xc0000005]

Native frames: (J=compiled Java code, j=interpreted, Vv=VM code, C=native code)


Current CompileTask:
C2:  18879 4611   !   4       com.sun.beans.TypeResolver::resolve (274 bytes)


---------------  P R O C E S S  ---------------

Java Threads: ( => current thread )
  0x000000001bfc2800 JavaThread "Memory manager" [_thread_blocked, id=9420, stack(0x0000000023400000,0x0000000023500000)]
  0x000000001bfc1800 JavaThread "build operations Thread 4" [_thread_blocked, id=11624, stack(0x0000000022d00000,0x0000000022e00000)]
  0x000000001bfbd000 JavaThread "build operations Thread 3" [_thread_blocked, id=11876, stack(0x0000000022c00000,0x0000000022d00000)]
  0x000000001bfc1000 JavaThread "build operations Thread 2" [_thread_blocked, id=8052, stack(0x0000000022b00000,0x0000000022c00000)]
  0x000000001bfbe000 JavaThread "build operations" [_thread_blocked, id=4456, stack(0x0000000022900000,0x0000000022a00000)]
  0x000000001bfbc800 JavaThread "Cache worker for Artifact transforms cache (C:\Users\Avendano\.gradle\caches\transforms-1)" [_thread_blocked, id=11800, stack(0x000000001fd70000,0x000000001fe70000)]
  0x000000001c74d000 JavaThread "Cache worker for file hash cache (C:\Users\Avendano\Desktop\CPScan\.gradle\4.1\fileHashes)" [_thread_blocked, id=3396, stack(0x000000001eaa0000,0x000000001eba0000)]
  0x000000001c3af000 JavaThread "File lock request listener" [_thread_in_native, id=4712, stack(0x000000001e7a0000,0x000000001e8a0000)]
  0x000000001ba24800 JavaThread "Cache worker for file hash cache (C:\Users\Avendano\.gradle\caches\4.1\fileHashes)" [_thread_blocked, id=4412, stack(0x000000001e6a0000,0x000000001e7a0000)]
  0x000000001c04e000 JavaThread "Stdin handler" [_thread_blocked, id=10896, stack(0x000000001e5a0000,0x000000001e6a0000)]
  0x000000001c04c800 JavaThread "Asynchronous log dispatcher for DefaultDaemonConnection: socket connection from /127.0.0.1:51648 to /127.0.0.1:51649" [_thread_blocked, id=10312, stack(0x000000001e4a0000,0x000000001e5a0000)]
  0x000000001c04b800 JavaThread "Daemon worker" [_thread_in_native, id=6748, stack(0x000000001e3a0000,0x000000001e4a0000)]
  0x000000001bca8800 JavaThread "Cancel handler" [_thread_blocked, id=5708, stack(0x000000001e2a0000,0x000000001e3a0000)]
  0x000000001be9a000 JavaThread "Handler for socket connection from /127.0.0.1:51648 to /127.0.0.1:51649" [_thread_in_native, id=680, stack(0x000000001dfa0000,0x000000001e0a0000)]
  0x000000001be99000 JavaThread "Daemon" [_thread_blocked, id=11804, stack(0x000000001dea0000,0x000000001dfa0000)]
  0x000000001bda2000 JavaThread "Daemon periodic checks" [_thread_blocked, id=4080, stack(0x000000001dda0000,0x000000001dea0000)]
  0x000000001b7aa800 JavaThread "Incoming local TCP Connector on port 51648" [_thread_in_native, id=7316, stack(0x000000001d8d0000,0x000000001d9d0000)]
  0x0000000018cba000 JavaThread "Service Thread" daemon [_thread_blocked, id=11552, stack(0x000000001a9f0000,0x000000001aaf0000)]
  0x0000000018ca4800 JavaThread "C1 CompilerThread2" daemon [_thread_blocked, id=10372, stack(0x000000001a4f0000,0x000000001a5f0000)]
  0x0000000018ca1000 JavaThread "C2 CompilerThread1" daemon [_thread_blocked, id=13084, stack(0x000000001a3f0000,0x000000001a4f0000)]
=>0x0000000018c9e000 JavaThread "C2 CompilerThread0" daemon [_thread_in_native, id=5688, stack(0x000000001a2f0000,0x000000001a3f0000)]
  0x0000000018c9b000 JavaThread "Attach Listener" daemon [_thread_blocked, id=8976, stack(0x000000001a1f0000,0x000000001a2f0000)]
  0x000000000532e000 JavaThread "Signal Dispatcher" daemon [_thread_blocked, id=5608, stack(0x000000001a0f0000,0x000000001a1f0000)]
  0x0000000018c8e000 JavaThread "Finalizer" daemon [_thread_blocked, id=9512, stack(0x0000000019f00000,0x000000001a000000)]
  0x0000000005322800 JavaThread "Reference Handler" daemon [_thread_blocked, id=11272, stack(0x0000000019e00000,0x0000000019f00000)]
  0x000000000512d800 JavaThread "main" [_thread_blocked, id=11112, stack(0x0000000005130000,0x0000000005230000)]

Other Threads:
  0x0000000018c65800 VMThread [stack: 0x0000000019d00000,0x0000000019e00000] [id=8664]
  0x0000000018cbb000 WatcherThread [stack: 0x000000001aaf0000,0x000000001abf0000] [id=4236]

VM state:not at safepoint (normal execution)

VM Mutex/Monitor currently owned by a thread: None

Heap:
 PSYoungGen      total 125440K, used 26318K [0x00000000e0000000, 0x00000000e8a80000, 0x0000000100000000)
  eden space 116736K, 15% used [0x00000000e0000000,0x00000000e1136698,0x00000000e7200000)
  from space 8704K, 99% used [0x00000000e8200000,0x00000000e8a7d360,0x00000000e8a80000)
  to   space 10240K, 0% used [0x00000000e7680000,0x00000000e7680000,0x00000000e8080000)
 ParOldGen       total 48640K, used 16645K [0x00000000a0000000, 0x00000000a2f80000, 0x00000000e0000000)
  object space 48640K, 34% used [0x00000000a0000000,0x00000000a1041600,0x00000000a2f80000)
 Metaspace       used 41056K, capacity 41840K, committed 42072K, reserved 1085440K
  class space    used 5471K, capacity 5737K, committed 5760K, reserved 1048576K

Card table byte_map: [0x00000000146f0000,0x0000000014a00000] byte_map_base: 0x00000000141f0000

Marking Bits: (ParMarkBitMap*) 0x0000000073b83950
 Begin Bits: [0x0000000015000000, 0x0000000016800000)
 End Bits:   [0x0000000016800000, 0x0000000018000000)

Polling page: 0x0000000005070000

CodeCache: size=245760Kb used=14762Kb max_used=14775Kb free=230997Kb
 bounds [0x0000000005330000, 0x00000000061b0000, 0x0000000014330000]
 total_blobs=4875 nmethods=4156 adapters=631
 compilation: enabled

Compilation events (10 events):
Event: 18.517 Thread 0x0000000018ca4800 nmethod 4629 0x00000000061a3110 code [0x00000000061a32e0, 0x00000000061a3a68]
Event: 18.517 Thread 0x0000000018ca4800 4630   !   3       java.beans.PropertyDescriptor::updateGenericsFor (37 bytes)
Event: 18.519 Thread 0x0000000018ca4800 nmethod 4630 0x00000000061a3d50 code [0x00000000061a3fc0, 0x00000000061a5138]
Event: 18.523 Thread 0x0000000018ca1000 nmethod 4622 0x00000000061a8c50 code [0x00000000061a8de0, 0x00000000061a9418]
Event: 18.523 Thread 0x0000000018ca1000 4628       4       sun.reflect.generics.repository.GenericDeclRepository::getTypeParameters (80 bytes)
Event: 18.533 Thread 0x0000000018ca1000 nmethod 4628 0x000000000619a490 code [0x000000000619a600, 0x000000000619aa18]
Event: 18.533 Thread 0x0000000018ca1000 4626  s!   4       java.beans.PropertyDescriptor::getReadMethod (175 bytes)
Event: 18.563 Thread 0x0000000018ca1000 nmethod 4626 0x00000000061a5c90 code [0x00000000061a5e40, 0x00000000061a6ab8]
Event: 18.564 Thread 0x0000000018ca1000 4625       4       java.util.ArrayList::<init> (61 bytes)
Event: 18.566 Thread 0x0000000018ca1000 nmethod 4625 0x00000000061aa290 code [0x00000000061aa3e0, 0x00000000061aa558]

GC Heap History (10 events):
Event: 9.523 GC heap before
{Heap before GC invocations=10 (full 1):
 PSYoungGen      total 70656K, used 62464K [0x00000000e0000000, 0x00000000e4d00000, 0x0000000100000000)
  eden space 62464K, 100% used [0x00000000e0000000,0x00000000e3d00000,0x00000000e3d00000)
  from space 8192K, 0% used [0x00000000e4500000,0x00000000e4500000,0x00000000e4d00000)
  to   space 8192K, 0% used [0x00000000e3d00000,0x00000000e3d00000,0x00000000e4500000)
 ParOldGen       total 30720K, used 8143K [0x00000000a0000000, 0x00000000a1e00000, 0x00000000e0000000)
  object space 30720K, 26% used [0x00000000a0000000,0x00000000a07f3c40,0x00000000a1e00000)
 Metaspace       used 25705K, capacity 26184K, committed 26496K, reserved 1073152K
  class space    used 3517K, capacity 3681K, committed 3712K, reserved 1048576K
Event: 9.541 GC heap after
Heap after GC invocations=10 (full 1):
 PSYoungGen      total 70656K, used 6872K [0x00000000e0000000, 0x00000000e6980000, 0x0000000100000000)
  eden space 62464K, 0% used [0x00000000e0000000,0x00000000e0000000,0x00000000e3d00000)
  from space 8192K, 83% used [0x00000000e3d00000,0x00000000e43b6320,0x00000000e4500000)
  to   space 8704K, 0% used [0x00000000e6100000,0x00000000e6100000,0x00000000e6980000)
 ParOldGen       total 30720K, used 8143K [0x00000000a0000000, 0x00000000a1e00000, 0x00000000e0000000)
  object space 30720K, 26% used [0x00000000a0000000,0x00000000a07f3c40,0x00000000a1e00000)
 Metaspace       used 25705K, capacity 26184K, committed 26496K, reserved 1073152K
  class space    used 3517K, capacity 3681K, committed 3712K, reserved 1048576K
}
Event: 11.475 GC heap before
{Heap before GC invocations=11 (full 1):
 PSYoungGen      total 70656K, used 69336K [0x00000000e0000000, 0x00000000e6980000, 0x0000000100000000)
  eden space 62464K, 100% used [0x00000000e0000000,0x00000000e3d00000,0x00000000e3d00000)
  from space 8192K, 83% used [0x00000000e3d00000,0x00000000e43b6320,0x00000000e4500000)
  to   space 8704K, 0% used [0x00000000e6100000,0x00000000e6100000,0x00000000e6980000)
 ParOldGen       total 30720K, used 8143K [0x00000000a0000000, 0x00000000a1e00000, 0x00000000e0000000)
  object space 30720K, 26% used [0x00000000a0000000,0x00000000a07f3c40,0x00000000a1e00000)
 Metaspace       used 29877K, capacity 30342K, committed 30720K, reserved 1075200K
  class space    used 4068K, capacity 4234K, committed 4352K, reserved 1048576K
Event: 11.490 GC heap after
Heap after GC invocations=11 (full 1):
 PSYoungGen      total 97280K, used 7222K [0x00000000e0000000, 0x00000000e6900000, 0x0000000100000000)
  eden space 89088K, 0% used [0x00000000e0000000,0x00000000e0000000,0x00000000e5700000)
  from space 8192K, 88% used [0x00000000e6100000,0x00000000e680dac8,0x00000000e6900000)
  to   space 9216K, 0% used [0x00000000e5700000,0x00000000e5700000,0x00000000e6000000)
 ParOldGen       total 30720K, used 8151K [0x00000000a0000000, 0x00000000a1e00000, 0x00000000e0000000)
  object space 30720K, 26% used [0x00000000a0000000,0x00000000a07f5c40,0x00000000a1e00000)
 Metaspace       used 29877K, capacity 30342K, committed 30720K, reserved 1075200K
  class space    used 4068K, capacity 4234K, committed 4352K, reserved 1048576K
}
Event: 12.931 GC heap before
{Heap before GC invocations=12 (full 1):
 PSYoungGen      total 97280K, used 67242K [0x00000000e0000000, 0x00000000e6900000, 0x0000000100000000)
  eden space 89088K, 67% used [0x00000000e0000000,0x00000000e3a9cea8,0x00000000e5700000)
  from space 8192K, 88% used [0x00000000e6100000,0x00000000e680dac8,0x00000000e6900000)
  to   space 9216K, 0% used [0x00000000e5700000,0x00000000e5700000,0x00000000e6000000)
 ParOldGen       total 30720K, used 8151K [0x00000000a0000000, 0x00000000a1e00000, 0x00000000e0000000)
  object space 30720K, 26% used [0x00000000a0000000,0x00000000a07f5c40,0x00000000a1e00000)
 Metaspace       used 34672K, capacity 35220K, committed 35416K, reserved 1079296K
  class space    used 4697K, capacity 4910K, committed 4992K, reserved 1048576K
Event: 12.946 GC heap after
Heap after GC invocations=12 (full 1):
 PSYoungGen      total 98304K, used 5170K [0x00000000e0000000, 0x00000000e8a80000, 0x0000000100000000)
  eden space 89088K, 0% used [0x00000000e0000000,0x00000000e0000000,0x00000000e5700000)
  from space 9216K, 56% used [0x00000000e5700000,0x00000000e5c0cbc8,0x00000000e6000000)
  to   space 8704K, 0% used [0x00000000e8200000,0x00000000e8200000,0x00000000e8a80000)
 ParOldGen       total 30720K, used 12672K [0x00000000a0000000, 0x00000000a1e00000, 0x00000000e0000000)
  object space 30720K, 41% used [0x00000000a0000000,0x00000000a0c60250,0x00000000a1e00000)
 Metaspace       used 34672K, capacity 35220K, committed 35416K, reserved 1079296K
  class space    used 4697K, capacity 4910K, committed 4992K, reserved 1048576K
}
Event: 12.946 GC heap before
{Heap before GC invocations=13 (full 2):
 PSYoungGen      total 98304K, used 5170K [0x00000000e0000000, 0x00000000e8a80000, 0x0000000100000000)
  eden space 89088K, 0% used [0x00000000e0000000,0x00000000e0000000,0x00000000e5700000)
  from space 9216K, 56% used [0x00000000e5700000,0x00000000e5c0cbc8,0x00000000e6000000)
  to   space 8704K, 0% used [0x00000000e8200000,0x00000000e8200000,0x00000000e8a80000)
 ParOldGen       total 30720K, used 12672K [0x00000000a0000000, 0x00000000a1e00000, 0x00000000e0000000)
  object space 30720K, 41% used [0x00000000a0000000,0x00000000a0c60250,0x00000000a1e00000)
 Metaspace       used 34672K, capacity 35220K, committed 35416K, reserved 1079296K
  class space    used 4697K, capacity 4910K, committed 4992K, reserved 1048576K
Event: 13.080 GC heap after
Heap after GC invocations=13 (full 2):
 PSYoungGen      total 98304K, used 0K [0x00000000e0000000, 0x00000000e8a80000, 0x0000000100000000)
  eden space 89088K, 0% used [0x00000000e0000000,0x00000000e0000000,0x00000000e5700000)
  from space 9216K, 0% used [0x00000000e5700000,0x00000000e5700000,0x00000000e6000000)
  to   space 8704K, 0% used [0x00000000e8200000,0x00000000e8200000,0x00000000e8a80000)
 ParOldGen       total 48640K, used 16056K [0x00000000a0000000, 0x00000000a2f80000, 0x00000000e0000000)
  object space 48640K, 33% used [0x00000000a0000000,0x00000000a0fae048,0x00000000a2f80000)
 Metaspace       used 34672K, capacity 35220K, committed 35416K, reserved 1079296K
  class space    used 4697K, capacity 4910K, committed 4992K, reserved 1048576K
}
Event: 17.359 GC heap before
{Heap before GC invocations=14 (full 2):
 PSYoungGen      total 98304K, used 89088K [0x00000000e0000000, 0x00000000e8a80000, 0x0000000100000000)
  eden space 89088K, 100% used [0x00000000e0000000,0x00000000e5700000,0x00000000e5700000)
  from space 9216K, 0% used [0x00000000e5700000,0x00000000e5700000,0x00000000e6000000)
  to   space 8704K, 0% used [0x00000000e8200000,0x00000000e8200000,0x00000000e8a80000)
 ParOldGen       total 48640K, used 16056K [0x00000000a0000000, 0x00000000a2f80000, 0x00000000e0000000)
  object space 48640K, 33% used [0x00000000a0000000,0x00000000a0fae048,0x00000000a2f80000)
 Metaspace       used 40501K, capacity 41134K, committed 41432K, reserved 1085440K
  class space    used 5369K, capacity 5589K, committed 5632K, reserved 1048576K
Event: 17.378 GC heap after
Heap after GC invocations=14 (full 2):
 PSYoungGen      total 125440K, used 8692K [0x00000000e0000000, 0x00000000e8a80000, 0x0000000100000000)
  eden space 116736K, 0% used [0x00000000e0000000,0x00000000e0000000,0x00000000e7200000)
  from space 8704K, 99% used [0x00000000e8200000,0x00000000e8a7d360,0x00000000e8a80000)
  to   space 10240K, 0% used [0x00000000e7680000,0x00000000e7680000,0x00000000e8080000)
 ParOldGen       total 48640K, used 16645K [0x00000000a0000000, 0x00000000a2f80000, 0x00000000e0000000)
  object space 48640K, 34% used [0x00000000a0000000,0x00000000a1041600,0x00000000a2f80000)
 Metaspace       used 40501K, capacity 41134K, committed 41432K, reserved 1085440K
  class space    used 5369K, capacity 5589K, committed 5632K, reserved 1048576K
}

Deoptimization events (10 events):
Event: 14.836 Thread 0x000000001c04b800 Uncommon trap: reason=bimorphic action=maybe_recompile pc=0x0000000005d1c6f8 method=java.util.Hashtable.get(Ljava/lang/Object;)Ljava/lang/Object; @ 6
Event: 14.841 Thread 0x000000001c04b800 Uncommon trap: reason=unstable_if action=reinterpret pc=0x000000000578a3bc method=java.lang.CharacterDataLatin1.isWhitespace(I)Z @ 14
Event: 15.280 Thread 0x000000001c04b800 Uncommon trap: reason=bimorphic action=maybe_recompile pc=0x0000000005d1c6f8 method=java.util.Hashtable.get(Ljava/lang/Object;)Ljava/lang/Object; @ 6
Event: 15.283 Thread 0x000000001c04b800 Uncommon trap: reason=bimorphic action=maybe_recompile pc=0x0000000005d1c6f8 method=java.util.Hashtable.get(Ljava/lang/Object;)Ljava/lang/Object; @ 6
Event: 15.284 Thread 0x000000001c04b800 Uncommon trap: reason=bimorphic action=maybe_recompile pc=0x0000000005d1c6f8 method=java.util.Hashtable.get(Ljava/lang/Object;)Ljava/lang/Object; @ 6
Event: 15.388 Thread 0x000000001c04b800 Uncommon trap: reason=unstable_if action=reinterpret pc=0x0000000005a6d4ec method=java.security.CodeSource.getCertificates()[Ljava/security/cert/Certificate; @ 22
Event: 15.390 Thread 0x000000001c04b800 Uncommon trap: reason=unstable_if action=reinterpret pc=0x0000000005ae4cc4 method=java.util.jar.JarFile.maybeInstantiateVerifier()V @ 75
Event: 15.399 Thread 0x000000001c04b800 Uncommon trap: reason=unstable_if action=reinterpret pc=0x0000000005c6dcfc method=java.util.LinkedHashMap.get(Ljava/lang/Object;)Ljava/lang/Object; @ 20
Event: 17.064 Thread 0x000000001c04b800 Uncommon trap: reason=unstable_if action=reinterpret pc=0x00000000060c4044 method=java.lang.ClassLoader.compareCerts([Ljava/security/cert/Certificate;[Ljava/security/cert/Certificate;)Z @ 1
Event: 17.653 Thread 0x000000001c04b800 Uncommon trap: reason=unstable_if action=reinterpret pc=0x0000000005d09718 method=org.gradle.internal.reflect.PropertyAccessorType.of(Ljava/lang/reflect/Method;)Lorg/gradle/internal/reflect/PropertyAccessorType; @ 4

Classes redefined (0 events):
No events

Internal exceptions (10 events):
Event: 18.506 Thread 0x000000001c04b800 Exception <a 'java/lang/ClassNotFoundException': org/gradle/api/internal/AbstractNamedDomainObjectContainerBeanInfo> (0x00000000e0e273e8) thrown at [D:\src\AOSP-openjdk-cygwin\jdk8u\hotspot\src\share\vm\classfile\systemDictionary.cpp, line 210]
Event: 18.507 Thread 0x000000001c04b800 Exception <a 'java/lang/ClassNotFoundException': org/gradle/api/internal/DefaultNamedDomainObjectSetBeanInfo> (0x00000000e0e574a0) thrown at [D:\src\AOSP-openjdk-cygwin\jdk8u\hotspot\src\share\vm\classfile\systemDictionary.cpp, line 210]
Event: 18.508 Thread 0x000000001c04b800 Exception <a 'java/lang/ClassNotFoundException': org/gradle/api/internal/DefaultNamedDomainObjectSetCustomizer> (0x00000000e0e87fd8) thrown at [D:\src\AOSP-openjdk-cygwin\jdk8u\hotspot\src\share\vm\classfile\systemDictionary.cpp, line 210]
Event: 18.512 Thread 0x000000001c04b800 Exception <a 'java/lang/ClassNotFoundException': org/gradle/api/internal/AbstractNamedDomainObjectContainerCustomizer> (0x00000000e0ed72c8) thrown at [D:\src\AOSP-openjdk-cygwin\jdk8u\hotspot\src\share\vm\classfile\systemDictionary.cpp, line 210]
Event: 18.514 Thread 0x000000001c04b800 Exception <a 'java/lang/ClassNotFoundException': org/gradle/api/internal/FactoryNamedDomainObjectContainerCustomizer> (0x00000000e0f22448) thrown at [D:\src\AOSP-openjdk-cygwin\jdk8u\hotspot\src\share\vm\classfile\systemDictionary.cpp, line 210]
Event: 18.516 Thread 0x000000001c04b800 Exception <a 'java/lang/ClassNotFoundException': org/gradle/api/internal/FactoryNamedDomainObjectContainer_DecoratedCustomizer> (0x00000000e0f648e0) thrown at [D:\src\AOSP-openjdk-cygwin\jdk8u\hotspot\src\share\vm\classfile\systemDictionary.cpp, line 210]
Event: 18.520 Thread 0x000000001c04b800 Exception <a 'java/lang/ClassNotFoundException': build_cuy4in435596h8nzi6w9ylgsw$_run_closure1$_closure4BeanInfo> (0x00000000e0fbdde8) thrown at [D:\src\AOSP-openjdk-cygwin\jdk8u\hotspot\src\share\vm\classfile\systemDictionary.cpp, line 210]
Event: 18.521 Thread 0x000000001c04b800 Exception <a 'java/lang/ClassNotFoundException': build_cuy4in435596h8nzi6w9ylgsw$_run_closure1$_closure4Customizer> (0x00000000e0fcd8e0) thrown at [D:\src\AOSP-openjdk-cygwin\jdk8u\hotspot\src\share\vm\classfile\systemDictionary.cpp, line 210]
Event: 18.524 Thread 0x000000001c04b800 Exception <a 'java/lang/ClassNotFoundException': build_cuy4in435596h8nzi6w9ylgsw$_run_closure1BeanInfo> (0x00000000e1002798) thrown at [D:\src\AOSP-openjdk-cygwin\jdk8u\hotspot\src\share\vm\classfile\systemDictionary.cpp, line 210]
Event: 18.525 Thread 0x000000001c04b800 Exception <a 'java/lang/ClassNotFoundException': build_cuy4in435596h8nzi6w9ylgsw$_run_closure1Customizer> (0x00000000e1011218) thrown at [D:\src\AOSP-openjdk-cygwin\jdk8u\hotspot\src\share\vm\classfile\systemDictionary.cpp, line 210]

Events (10 events):
Event: 18.522 loading class groovy/lang/Tuple
Event: 18.522 loading class groovy/lang/Tuple done
Event: 18.524 loading class build_cuy4in435596h8nzi6w9ylgsw$_run_closure1BeanInfo
Event: 18.524 loading class build_cuy4in435596h8nzi6w9ylgsw$_run_closure1BeanInfo done
Event: 18.524 loading class build_cuy4in435596h8nzi6w9ylgsw$_run_closure1BeanInfo
Event: 18.524 loading class build_cuy4in435596h8nzi6w9ylgsw$_run_closure1BeanInfo done
Event: 18.524 loading class build_cuy4in435596h8nzi6w9ylgsw$_run_closure1Customizer
Event: 18.524 loading class build_cuy4in435596h8nzi6w9ylgsw$_run_closure1Customizer done
Event: 18.525 loading class build_cuy4in435596h8nzi6w9ylgsw$_run_closure1Customizer
Event: 18.525 loading class build_cuy4in435596h8nzi6w9ylgsw$_run_closure1Customizer done


Dynamic libraries:
0x00007ff604290000 - 0x00007ff6042c1000 	C:\Program Files\Android\Android Studio\jre\bin\java.exe
0x00007ffefca40000 - 0x00007ffefcc20000 	C:\WINDOWS\SYSTEM32\ntdll.dll
0x00007ffefa440000 - 0x00007ffefa4ee000 	C:\WINDOWS\System32\KERNEL32.DLL
0x00007ffef91e0000 - 0x00007ffef9446000 	C:\WINDOWS\System32\KERNELBASE.dll
0x00007ffefa160000 - 0x00007ffefa201000 	C:\WINDOWS\System32\ADVAPI32.dll
0x00007ffefb4f0000 - 0x00007ffefb58d000 	C:\WINDOWS\System32\msvcrt.dll
0x00007ffefa100000 - 0x00007ffefa15b000 	C:\WINDOWS\System32\sechost.dll
0x00007ffefa8d0000 - 0x00007ffefa9ef000 	C:\WINDOWS\System32\RPCRT4.dll
0x00007ffefa2b0000 - 0x00007ffefa43f000 	C:\WINDOWS\System32\USER32.dll
0x00007ffef9c80000 - 0x00007ffef9ca0000 	C:\WINDOWS\System32\win32u.dll
0x00007ffefa8a0000 - 0x00007ffefa8c8000 	C:\WINDOWS\System32\GDI32.dll
0x00007ffef9d40000 - 0x00007ffef9ed3000 	C:\WINDOWS\System32\gdi32full.dll
0x00007ffef9ca0000 - 0x00007ffef9d3b000 	C:\WINDOWS\System32\msvcp_win.dll
0x00007ffef8e10000 - 0x00007ffef8f06000 	C:\WINDOWS\System32\ucrtbase.dll
0x00007ffeeba30000 - 0x00007ffeebc99000 	C:\WINDOWS\WinSxS\amd64_microsoft.windows.common-controls_6595b64144ccf1df_6.0.16299.192_none_15c8cdae9364c23b\COMCTL32.dll
0x00007ffefa4f0000 - 0x00007ffefa7f8000 	C:\WINDOWS\System32\combase.dll
0x00007ffef9450000 - 0x00007ffef94c2000 	C:\WINDOWS\System32\bcryptPrimitives.dll
0x00007ffefa870000 - 0x00007ffefa89d000 	C:\WINDOWS\System32\IMM32.DLL
0x0000000072f70000 - 0x0000000073042000 	C:\Program Files\Android\Android Studio\jre\jre\bin\msvcr100.dll
0x00000000733c0000 - 0x0000000073bfe000 	C:\Program Files\Android\Android Studio\jre\jre\bin\server\jvm.dll
0x00007ffefa0f0000 - 0x00007ffefa0f8000 	C:\WINDOWS\System32\PSAPI.DLL
0x00007ffef6bb0000 - 0x00007ffef6bd3000 	C:\WINDOWS\SYSTEM32\WINMM.dll
0x00007ffef53e0000 - 0x00007ffef53e9000 	C:\WINDOWS\SYSTEM32\WSOCK32.dll
0x00007ffeebca0000 - 0x00007ffeebcaa000 	C:\WINDOWS\SYSTEM32\VERSION.dll
0x00007ffefa800000 - 0x00007ffefa86c000 	C:\WINDOWS\System32\WS2_32.dll
0x00007ffef6b50000 - 0x00007ffef6b7a000 	C:\WINDOWS\SYSTEM32\WINMMBASE.dll
0x00007ffef8f10000 - 0x00007ffef8f5a000 	C:\WINDOWS\System32\cfgmgr32.dll
0x00007ffef3910000 - 0x00007ffef391f000 	C:\Program Files\Android\Android Studio\jre\jre\bin\verify.dll
0x00007ffee6cb0000 - 0x00007ffee6cd9000 	C:\Program Files\Android\Android Studio\jre\jre\bin\java.dll
0x00007ffee6fc0000 - 0x00007ffee6fd6000 	C:\Program Files\Android\Android Studio\jre\jre\bin\zip.dll
0x00007ffefb5a0000 - 0x00007ffefc9d6000 	C:\WINDOWS\System32\SHELL32.dll
0x00007ffefafa0000 - 0x00007ffefb046000 	C:\WINDOWS\System32\shcore.dll
0x00007ffef94d0000 - 0x00007ffef9c17000 	C:\WINDOWS\System32\windows.storage.dll
0x00007ffefb2f0000 - 0x00007ffefb341000 	C:\WINDOWS\System32\shlwapi.dll
0x00007ffef8dd0000 - 0x00007ffef8de1000 	C:\WINDOWS\System32\kernel.appcore.dll
0x00007ffef8d80000 - 0x00007ffef8dcc000 	C:\WINDOWS\System32\powrprof.dll
0x00007ffef8d60000 - 0x00007ffef8d7b000 	C:\WINDOWS\System32\profapi.dll
0x00007ffee6240000 - 0x00007ffee625a000 	C:\Program Files\Android\Android Studio\jre\jre\bin\net.dll
0x00007ffef85f0000 - 0x00007ffef8656000 	C:\WINDOWS\system32\mswsock.dll
0x00007ffee6220000 - 0x00007ffee6231000 	C:\Program Files\Android\Android Studio\jre\jre\bin\nio.dll
0x00007ffedceb0000 - 0x00007ffedcece000 	C:\Users\Avendano\.gradle\native\25\windows-amd64\native-platform.dll
0x00007ffef3900000 - 0x00007ffef390d000 	C:\Program Files\Android\Android Studio\jre\jre\bin\management.dll
0x00007ffef87b0000 - 0x00007ffef87c7000 	C:\WINDOWS\SYSTEM32\CRYPTSP.dll
0x00007ffef8200000 - 0x00007ffef8233000 	C:\WINDOWS\system32\rsaenh.dll
0x00007ffef88c0000 - 0x00007ffef88e5000 	C:\WINDOWS\SYSTEM32\bcrypt.dll
0x00007ffef8c90000 - 0x00007ffef8cb9000 	C:\WINDOWS\SYSTEM32\USERENV.dll
0x00007ffef87d0000 - 0x00007ffef87db000 	C:\WINDOWS\SYSTEM32\CRYPTBASE.dll
0x00007ffef8380000 - 0x00007ffef83b9000 	C:\WINDOWS\SYSTEM32\IPHLPAPI.DLL
0x00007ffefb590000 - 0x00007ffefb598000 	C:\WINDOWS\System32\NSI.dll
0x00007ffef0900000 - 0x00007ffef0916000 	C:\WINDOWS\SYSTEM32\dhcpcsvc6.DLL
0x00007ffef08e0000 - 0x00007ffef08fa000 	C:\WINDOWS\SYSTEM32\dhcpcsvc.DLL

VM Arguments:
jvm_args: -Xmx1536m -Dfile.encoding=windows-1252 -Duser.country=PH -Duser.language=en -Duser.variant 
java_command: org.gradle.launcher.daemon.bootstrap.GradleDaemon 4.1
java_class_path (initial): C:\Users\Avendano\.gradle\wrapper\dists\gradle-4.1-all\bzyivzo6n839fup2jbap0tjew\gradle-4.1\lib\gradle-launcher-4.1.jar
Launcher Type: SUN_STANDARD

Environment Variables:
PATH=C:\Program Files (x86)\NVIDIA Corporation\PhysX\Common;C:\Python27\Lib\site-packages\PyQt4;C:\ProgramData\Oracle\Java\javapath;C:\Program Files (x86)\Intel\iCLS Client\;C:\Program Files\Intel\iCLS Client\;C:\WINDOWS\system32;C:\WINDOWS;C:\WINDOWS\System32\Wbem;C:\WINDOWS\System32\WindowsPowerShell\v1.0\;C:\Program Files (x86)\Intel\Intel(R) Management Engine Components\DAL;C:\Program Files\Intel\Intel(R) Management Engine Components\DAL;C:\Program Files (x86)\Intel\Intel(R) Management Engine Components\IPT;C:\Program Files\Intel\Intel(R) Management Engine Components\IPT;C:\Program Files\dotnet\;C:\wamp64\bin\php\php7.1.9;C:\Users\Avendano\AppData\Local\Microsoft\WindowsApps;;C:\Program Files\Microsoft VS Code\bin
USERNAME=Avendano
OS=Windows_NT
PROCESSOR_IDENTIFIER=Intel64 Family 6 Model 78 Stepping 3, GenuineIntel



---------------  S Y S T E M  ---------------

OS: Windows 10.0 , 64 bit Build 16299 (10.0.16299.15)

CPU:total 4 (initial active 4) (2 cores per cpu, 2 threads per core) family 6 model 78 stepping 3, cmov, cx8, fxsr, mmx, sse, sse2, sse3, ssse3, sse4.1, sse4.2, popcnt, avx, avx2, aes, clmul, erms, 3dnowpref, lzcnt, ht, tsc, tscinvbit, bmi1, bmi2, adx

Memory: 4k page, physical 4059268k(375564k free), swap 7131268k(2228k free)

vm_info: OpenJDK 64-Bit Server VM (25.152-b01) for windows-amd64 JRE (1.8.0_152-release-915-b01), built by "builder" with MS VC++ 10.0 (VS2010)

time: Sun Mar 25 20:50:25 2018
elapsed time: 18 seconds (0d 0h 0m 18s)

